INFO:root:travering through list
INFO:root:travering through list
INFO:root:travering through list
INFO:root:travering through list
INFO:root:travering through list
INFO:root:travering through list
INFO:root:checking wheather element inside list of list is int if yes then apppend it
INFO:root:checking wheather element inside list of list is int if yes then apppend it
INFO:root:checking wheather element inside list of list is int if yes then apppend it
INFO:root:travering through list
INFO:root:travering through list
INFO:root:travering through list
INFO:root:travering through list
INFO:root:travering through list
INFO:root:travering through list
INFO:root:travering through list
INFO:root:travering through list
INFO:root:checking wheather element inside list of list is int if yes then apppend it
INFO:root:checking wheather element inside list of list is int if yes then apppend it
INFO:root:checking wheather element inside list of list is int if yes then apppend it
INFO:root:travering through list
INFO:root:travering through list
INFO:root:travering through list
INFO:root:travering through list
INFO:root:travering through list
INFO:root:travering through list
INFO:root:travering through list
INFO:root:travering through list
INFO:root:checking wheather element inside list of list is int if yes then apppend it
INFO:root:checking wheather element inside list of list is int if yes then apppend it
INFO:root:checking wheather element inside list of list is int if yes then apppend it
INFO:root:travering through list
INFO:root:travering through list
INFO:root:my final resut if [1, 2, 34, 55, 6, 34, 567, 785] and for string is['sneha', 'Vasishth']
ERROR:Comm:No such comm target registered: jupyter.widget.control
WARNING:Comm:No such comm: 334cefbf-bf72-4e3b-9852-7bd2b466f207
DEBUG:Comm:Current comms: []
